heap profile: 30: 5325616 [31: 5325632] @ heap/1048576
4: 819200 [4: 819200] @ 0x43ea55 0x51ff23 0x512813 0x486ae4 0x486003 0x47c798 0x45c701
4: 819200 [4: 819200] @ 0x43ea55 0x51ff23 0x512813 0x486ae4 0x4863f2 0x47c798 0x45c701
3: 614400 [3: 614400] @ 0x43ea55 0x51ff23 0x512813 0x486ae4 0x4883d8 0x47c798 0x45c701
3: 614400 [3: 614400] @ 0x43ea55 0x51ff23 0x512813 0x486ae4 0x489de4 0x47c798 0x45c701
3: 614400 [3: 614400] @ 0x43ea55 0x51ff23 0x512813 0x486ae4 0x489755 0x47c798 0x45c701
3: 614400 [3: 614400] @ 0x43ea55 0x51ff23 0x512813 0x4829d3 0x486718 0x47c798 0x45c701
2: 409600 [2: 409600] @ 0x43ea55 0x51ff23 0x512813 0x486ae4 0x48a455 0x47c798 0x45c701
2: 409600 [2: 409600] @ 0x43ea55 0x51ff23 0x512813 0x486ae4 0x487c5e 0x47c798 0x45c701
2: 409600 [2: 409600] @ 0x43ea55 0x51ff23 0x512813 0x486ae4 0x48771e 0x47c798 0x45c701
1: 384 [1: 384] @ 0x432cf7 0x42738f 0x42d430 0x42cfd9 0x459ef2
1: 208 [1: 208] @ 0x571661 0x5711a4 0x571c06 0x51f28a 0x4869ca 0x489755 0x47c798 0x45c701
1: 112 [1: 112] @ 0x51ff5a 0x512813 0x486ae4 0x489755 0x47c798 0x45c701
1: 112 [1: 112] @ 0x51ff5a 0x512813 0x486ae4 0x48771e 0x47c798 0x45c701
0: 0 [1: 16] @ 0x569d15 0x56a045 0x57b637 0x5209e1 0x571c83 0x51f28a 0x4869ca 0x48a455 0x47c798 0x45c701

# runtime.MemStats
# Alloc = 15205952
# TotalAlloc = 15934456
# Sys = 22006008
# Lookups = 22
# Mallocs = 11386
# Frees = 8716
# HeapAlloc = 15205952
# HeapSys = 16777216
# HeapIdle = 851968
# HeapInuse = 15925248
# HeapReleased = 0
# HeapObjects = 2670
# Stack = 1048576 / 1048576
# MSpan = 25872 / 32768
# MCache = 9664 / 16384
# BuckHashSys = 1445684
# NextGC = 28989396
# PauseNs = [810690 531149 401610 1808672 0 0 0 0 0 0 0 0 0 0 0 0 0 0 0 0 0 0 0 0 0 0 0 0 0 0 0 0 0 0 0 0 0 0 0 0 0 0 0 0 0 0 0 0 0 0 0 0 0 0 0 0 0 0 0 0 0 0 0 0 0 0 0 0 0 0 0 0 0 0 0 0 0 0 0 0 0 0 0 0 0 0 0 0 0 0 0 0 0 0 0 0 0 0 0 0 0 0 0 0 0 0 0 0 0 0 0 0 0 0 0 0 0 0 0 0 0 0 0 0 0 0 0 0 0 0 0 0 0 0 0 0 0 0 0 0 0 0 0 0 0 0 0 0 0 0 0 0 0 0 0 0 0 0 0 0 0 0 0 0 0 0 0 0 0 0 0 0 0 0 0 0 0 0 0 0 0 0 0 0 0 0 0 0 0 0 0 0 0 0 0 0 0 0 0 0 0 0 0 0 0 0 0 0 0 0 0 0 0 0 0 0 0 0 0 0 0 0 0 0 0 0 0 0 0 0 0 0 0 0 0 0 0 0 0 0 0 0 0 0 0 0 0 0 0 0 0 0 0 0 0 0]
# NumGC = 4
# EnableGC = true
# DebugGC = false
