heap profile: 6: 1024288 [1851: 6741056] @ heap/1048576
4: 819200 [4: 819200] @ 0x190cc 0x6bee4 0x5e67a 0x69f8b 0x6fd00 0x7055c 0x541d5 0x54519 0x3d7a1
1: 204800 [1: 204800] @ 0x190cc 0x6bee4 0x5e67a 0x69f8b 0x6fd00 0x7055c 0x541d5 0x54438 0x3d7a1
1: 288 [1: 288] @ 0x15c7a 0x31def 0x3478f 0x2ee87 0x30879 0x30575 0x3b1d6
0: 0 [3: 48] @ 0x19ad9 0x143111 0x1525de 0x149379 0x6bb3e 0x7082f 0x541d5 0x54519 0x3d7a1
0: 0 [3: 48] @ 0x6bd6e 0x6b8b4 0x7082f 0x541d5 0x54519 0x3d7a1
0: 0 [1: 16] @ 0x151d20 0x148a1e 0x1488ad 0x149405 0x6bd2c 0x6b8b4 0x7082f 0x541d5 0x54519 0x3d7a1
0: 0 [2: 64] @ 0x6bd88 0x6b8b4 0x7082f 0x541d5 0x54519 0x3d7a1
0: 0 [2: 64] @ 0x6bcbf 0x6b8b4 0x7082f 0x541d5 0x54519 0x3d7a1
0: 0 [1: 16] @ 0x19ad9 0x143528 0x1525de 0x149379 0x6bb3e 0x7082f 0x541d5 0x54519 0x3d7a1
0: 0 [3: 96] @ 0xc460 0x1541ed 0x15286c 0x149379 0x6bb3e 0x7082f 0x541d5 0x54519 0x3d7a1
0: 0 [1: 64] @ 0x2f7db 0x3b3a8 0x31a50
0: 0 [1: 32] @ 0x193ab 0x145de2 0x1451c2 0x1408ff 0x152052 0x723b9 0x1492ee 0x6bb3e 0x7082f 0x541d5 0x54519 0x3d7a1
0: 0 [4: 192] @ 0x800e 0x154365 0x15286c 0x149379 0x6bb3e 0x7082f 0x541d5 0x54519 0x3d7a1
0: 0 [1: 8] @ 0x6b872 0x7082f 0x541d5 0x54519 0x3d7a1
0: 0 [2: 32] @ 0x190cc 0x153ff3 0x15286c 0x149379 0x6bb3e 0x7082f 0x541d5 0x54519 0x3d7a1
0: 0 [5: 240] @ 0x800e 0x140b68 0x1409e5 0x152052 0x723b9 0x1492ee 0x6bb3e 0x7082f 0x541d5 0x54519 0x3d7a1
0: 0 [2: 32] @ 0x14a184 0x14a0f1 0x1544e1 0x1529f6 0x149379 0x6bb3e 0x7082f 0x541d5 0x54519 0x3d7a1
0: 0 [3: 96] @ 0x14085d 0x152052 0x724cc 0x1494a7 0x6bd2c 0x6b8b4 0x7082f 0x541d5 0x54519 0x3d7a1
0: 0 [1: 8] @ 0x6bd54 0x6b8b4 0x7082f 0x541d5 0x54519 0x3d7a1
0: 0 [4: 64] @ 0x190cc 0x141f0f 0x72422 0x1492ee 0x6bb3e 0x7082f 0x541d5 0x54519 0x3d7a1
0: 0 [4: 128] @ 0xc460 0x14e539 0x142ce4 0x1525de 0x149379 0x6bb3e 0x7082f 0x541d5 0x54519 0x3d7a1
0: 0 [1: 160] @ 0x190cc 0x14386f 0x142c3d 0x1525de 0x149379 0x6bb3e 0x7082f 0x541d5 0x54519 0x3d7a1
0: 0 [3: 96] @ 0x1419bb 0x724ed 0x1494a7 0x6bd2c 0x6b8b4 0x7082f 0x541d5 0x54519 0x3d7a1
0: 0 [4: 64] @ 0x19327 0x14b072 0x152704 0x149379 0x6bb3e 0x7082f 0x541d5 0x54519 0x3d7a1
0: 0 [3: 96] @ 0x141d55 0x72422 0x1492ee 0x6bb3e 0x7082f 0x541d5 0x54519 0x3d7a1
0: 0 [2: 32] @ 0x199ab 0x140a31 0x152052 0x723b9 0x1492ee 0x6bb3e 0x7082f 0x541d5 0x54519 0x3d7a1
0: 0 [18: 2592] @ 0x8a29 0x153f1e 0x14e752 0x142ce4 0x1525de 0x149379 0x6bb3e 0x7082f 0x541d5 0x54519 0x3d7a1
0: 0 [6: 384] @ 0x140b02 0x1409e5 0x152052 0x723b9 0x1492ee 0x6bb3e 0x7082f 0x541d5 0x54519 0x3d7a1
0: 0 [8: 256] @ 0x143002 0x1525de 0x149379 0x6bb3e 0x7082f 0x541d5 0x54519 0x3d7a1
0: 0 [3: 96] @ 0x14085d 0x152052 0x723b9 0x1492ee 0x6bb3e 0x7082f 0x541d5 0x54519 0x3d7a1
0: 0 [5: 160] @ 0x6b943 0x7082f 0x541d5 0x54519 0x3d7a1
0: 0 [1: 16] @ 0x151d20 0x148d83 0x148881 0x149252 0x6bb3e 0x7082f 0x541d5 0x54519 0x3d7a1
0: 0 [6: 288] @ 0x800e 0x151da6 0x148d83 0x148881 0x149252 0x6bb3e 0x7082f 0x541d5 0x54519 0x3d7a1
0: 0 [10: 640] @ 0x151b9e 0x148d83 0x148881 0x149252 0x6bb3e 0x7082f 0x541d5 0x54519 0x3d7a1
0: 0 [8: 384] @ 0x800e 0x151c7a 0x148d83 0x148881 0x149252 0x6bb3e 0x7082f 0x541d5 0x54519 0x3d7a1
0: 0 [8: 512] @ 0x151b9e 0x148a1e 0x1488ad 0x149405 0x6bd2c 0x6b8b4 0x7082f 0x541d5 0x54519 0x3d7a1
0: 0 [6: 96] @ 0x19327 0x14a6db 0x14b8d0 0x1527cb 0x149379 0x6bb3e 0x7082f 0x541d5 0x54519 0x3d7a1
0: 0 [8: 384] @ 0x800e 0x151c9d 0x148d83 0x148881 0x149252 0x6bb3e 0x7082f 0x541d5 0x54519 0x3d7a1
0: 0 [15: 1920] @ 0x6c572 0x725e0 0x71562 0x71457 0x3d7a1
0: 0 [7: 336] @ 0x800e 0x140b8b 0x1409e5 0x152052 0x723b9 0x1492ee 0x6bb3e 0x7082f 0x541d5 0x54519 0x3d7a1
0: 0 [23: 4784] @ 0x148d48 0x148881 0x149252 0x6bb3e 0x7082f 0x541d5 0x54519 0x3d7a1
0: 0 [4: 128] @ 0x5ea1e 0x6b9e8 0x7082f 0x541d5 0x54519 0x3d7a1
0: 0 [6: 384] @ 0x140b02 0x1409e5 0x152052 0x724cc 0x1494a7 0x6bd2c 0x6b8b4 0x7082f 0x541d5 0x54519 0x3d7a1
0: 0 [13: 832] @ 0x190cc 0x14d11c 0x143c0b 0x146814 0x141ff2 0x72422 0x1492ee 0x6bb3e 0x7082f 0x541d5 0x54519 0x3d7a1
0: 0 [1: 32] @ 0x5ebde 0x6be26 0x6b8b4 0x7082f 0x541d5 0x54519 0x3d7a1
0: 0 [3: 48] @ 0x6b929 0x7082f 0x541d5 0x54519 0x3d7a1
0: 0 [3: 48] @ 0x140c15 0x1409e5 0x152052 0x723b9 0x1492ee 0x6bb3e 0x7082f 0x541d5 0x54519 0x3d7a1
0: 0 [2: 64] @ 0x193ab 0x145de2 0x1451c2 0x141dfc 0x72422 0x1492ee 0x6bb3e 0x7082f 0x541d5 0x54519 0x3d7a1
0: 0 [20: 2560] @ 0x6454c 0x6c5b3 0x725e0 0x71562 0x71457 0x3d7a1
0: 0 [14: 2016] @ 0x8a29 0x143c57 0x146814 0x1434b8 0x1525de 0x149379 0x6bb3e 0x7082f 0x541d5 0x54519 0x3d7a1
0: 0 [48: 16896] @ 0x190cc 0x64020 0x6c454 0x722bf 0x714e2 0x71337 0x3d7a1
0: 0 [12: 1344] @ 0x143b11 0x146814 0x141ff2 0x72422 0x1492ee 0x6bb3e 0x7082f 0x541d5 0x54519 0x3d7a1
0: 0 [25: 6400] @ 0x190cc 0x14386f 0x142c3d 0x1525de 0x149379 0x6bb3e 0x7082f 0x541d5 0x54519 0x3d7a1
0: 0 [9: 1296] @ 0x8a29 0x143c57 0x146814 0x141ff2 0x72422 0x1492ee 0x6bb3e 0x7082f 0x541d5 0x54519 0x3d7a1
0: 0 [5: 160] @ 0xc460 0x14a7e4 0x14b8d0 0x1527cb 0x149379 0x6bb3e 0x7082f 0x541d5 0x54519 0x3d7a1
0: 0 [4: 128] @ 0x6b90f 0x7082f 0x541d5 0x54519 0x3d7a1
0: 0 [2: 32] @ 0x19ad9 0x1434e3 0x1525de 0x149379 0x6bb3e 0x7082f 0x541d5 0x54519 0x3d7a1
0: 0 [25: 5200] @ 0x1489ea 0x1488ad 0x149405 0x6bd2c 0x6b8b4 0x7082f 0x541d5 0x54519 0x3d7a1
0: 0 [7: 224] @ 0x193ab 0x145de2 0x1451c2 0x1408ff 0x152052 0x724cc 0x1494a7 0x6bd2c 0x6b8b4 0x7082f 0x541d5 0x54519 0x3d7a1
0: 0 [20: 2240] @ 0x143b11 0x146814 0x1434b8 0x1525de 0x149379 0x6bb3e 0x7082f 0x541d5 0x54519 0x3d7a1
0: 0 [17: 3536] @ 0x8a29 0x140a8d 0x152052 0x723b9 0x1492ee 0x6bb3e 0x7082f 0x541d5 0x54519 0x3d7a1
0: 0 [2: 16] @ 0x5e9bc 0x6b9e8 0x7082f 0x541d5 0x54519 0x3d7a1
0: 0 [474: 1941504] @ 0x190cc 0x14982c 0x153ea8 0x15275b 0x149379 0x6bb3e 0x7082f 0x541d5 0x54519 0x3d7a1
0: 0 [442: 1810432] @ 0x190cc 0x154477 0x1529f6 0x149379 0x6bb3e 0x7082f 0x541d5 0x54519 0x3d7a1
0: 0 [464: 1900544] @ 0x190cc 0x14982c 0x153ea8 0x14e752 0x142ce4 0x1525de 0x149379 0x6bb3e 0x7082f 0x541d5 0x54519 0x3d7a1
0: 0 [1: 128] @ 0x7068f 0x541d5 0x54519 0x3d7a1
0: 0 [31: 5952] @ 0x190cc 0x14d11c 0x143c0b 0x146814 0x1434b8 0x1525de 0x149379 0x6bb3e 0x7082f 0x541d5 0x54519 0x3d7a1
0: 0 [1: 32] @ 0xc460 0x14b467 0x148e1c 0x148881 0x149252 0x6bb3e 0x7082f 0x541d5 0x54519 0x3d7a1
0: 0 [1: 16] @ 0x19ad9 0x1430a0 0x1525de 0x149379 0x6bb3e 0x7082f 0x541d5 0x54519 0x3d7a1
0: 0 [1: 32] @ 0x193ab 0x145de2 0x1451c2 0x1430c4 0x1525de 0x149379 0x6bb3e 0x7082f 0x541d5 0x54519 0x3d7a1
